Analysis & Synthesis report for TP2_EV21
Sun May 30 19:50:42 2021
Quartus Prime Version 20.1.1 Build 720 11/11/2020 SJ Lite Edition


---------------------
; Table of Contents ;
---------------------
  1. Legal Notice
  2. Analysis & Synthesis Summary
  3. Analysis & Synthesis Settings
  4. Parallel Compilation
  5. Analysis & Synthesis Source Files Read
  6. Analysis & Synthesis Resource Usage Summary
  7. Analysis & Synthesis Resource Utilization by Entity
  8. General Register Statistics
  9. Source assignments for MIR_ROM:inst|LPM_ROM:MIR_ROM|altrom:srom|altsyncram:rom_block|altsyncram_cq01:auto_generated
 10. Parameter Settings for User Entity Instance: pipeline:TEST_PIPELINE|UC2:inst
 11. Parameter Settings for User Entity Instance: pipeline:TEST_PIPELINE|UC1:inst6
 12. Parameter Settings for User Entity Instance: MIR_ROM:inst|LPM_ROM:MIR_ROM
 13. Post-Synthesis Netlist Statistics for Top Partition
 14. Elapsed Time Per Partition
 15. Analysis & Synthesis Messages



----------------
; Legal Notice ;
----------------
Copyright (C) 2020  Intel Corporation. All rights reserved.
Your use of Intel Corporation's design tools, logic functions 
and other software and tools, and any partner logic 
functions, and any output files from any of the foregoing 
(including device programming or simulation files), and any 
associated documentation or information are expressly subject 
to the terms and conditions of the Intel Program License 
Subscription Agreement, the Intel Quartus Prime License Agreement,
the Intel FPGA IP License Agreement, or other applicable license
agreement, including, without limitation, that your use is for
the sole purpose of programming logic devices manufactured by
Intel and sold by Intel or its authorized distributors.  Please
refer to the applicable agreement for further details, at
https://fpgasoftware.intel.com/eula.



+----------------------------------------------------------------------------------+
; Analysis & Synthesis Summary                                                     ;
+------------------------------------+---------------------------------------------+
; Analysis & Synthesis Status        ; Successful - Sun May 30 19:50:42 2021       ;
; Quartus Prime Version              ; 20.1.1 Build 720 11/11/2020 SJ Lite Edition ;
; Revision Name                      ; TP2_EV21                                    ;
; Top-level Entity Name              ; TP2_EV21                                    ;
; Family                             ; Cyclone IV E                                ;
; Total logic elements               ; 107                                         ;
;     Total combinational functions  ; 37                                          ;
;     Dedicated logic registers      ; 91                                          ;
; Total registers                    ; 91                                          ;
; Total pins                         ; 79                                          ;
; Total virtual pins                 ; 0                                           ;
; Total memory bits                  ; 0                                           ;
; Embedded Multiplier 9-bit elements ; 0                                           ;
; Total PLLs                         ; 0                                           ;
+------------------------------------+---------------------------------------------+


+------------------------------------------------------------------------------------------------------------+
; Analysis & Synthesis Settings                                                                              ;
+------------------------------------------------------------------+--------------------+--------------------+
; Option                                                           ; Setting            ; Default Value      ;
+------------------------------------------------------------------+--------------------+--------------------+
; Top-level entity name                                            ; TP2_EV21           ; TP2_EV21           ;
; Family name                                                      ; Cyclone IV E       ; Cyclone V          ;
; Use smart compilation                                            ; Off                ; Off                ;
; Enable parallel Assembler and Timing Analyzer during compilation ; On                 ; On                 ;
; Enable compact report table                                      ; Off                ; Off                ;
; Restructure Multiplexers                                         ; Auto               ; Auto               ;
; Create Debugging Nodes for IP Cores                              ; Off                ; Off                ;
; Preserve fewer node names                                        ; On                 ; On                 ;
; Intel FPGA IP Evaluation Mode                                    ; Enable             ; Enable             ;
; Verilog Version                                                  ; Verilog_2001       ; Verilog_2001       ;
; VHDL Version                                                     ; VHDL_1993          ; VHDL_1993          ;
; State Machine Processing                                         ; Auto               ; Auto               ;
; Safe State Machine                                               ; Off                ; Off                ;
; Extract Verilog State Machines                                   ; On                 ; On                 ;
; Extract VHDL State Machines                                      ; On                 ; On                 ;
; Ignore Verilog initial constructs                                ; Off                ; Off                ;
; Iteration limit for constant Verilog loops                       ; 5000               ; 5000               ;
; Iteration limit for non-constant Verilog loops                   ; 250                ; 250                ;
; Add Pass-Through Logic to Inferred RAMs                          ; On                 ; On                 ;
; Infer RAMs from Raw Logic                                        ; On                 ; On                 ;
; Parallel Synthesis                                               ; On                 ; On                 ;
; DSP Block Balancing                                              ; Auto               ; Auto               ;
; NOT Gate Push-Back                                               ; On                 ; On                 ;
; Power-Up Don't Care                                              ; On                 ; On                 ;
; Remove Redundant Logic Cells                                     ; Off                ; Off                ;
; Remove Duplicate Registers                                       ; On                 ; On                 ;
; Ignore CARRY Buffers                                             ; Off                ; Off                ;
; Ignore CASCADE Buffers                                           ; Off                ; Off                ;
; Ignore GLOBAL Buffers                                            ; Off                ; Off                ;
; Ignore ROW GLOBAL Buffers                                        ; Off                ; Off                ;
; Ignore LCELL Buffers                                             ; Off                ; Off                ;
; Ignore SOFT Buffers                                              ; On                 ; On                 ;
; Limit AHDL Integers to 32 Bits                                   ; Off                ; Off                ;
; Optimization Technique                                           ; Balanced           ; Balanced           ;
; Carry Chain Length                                               ; 70                 ; 70                 ;
; Auto Carry Chains                                                ; On                 ; On                 ;
; Auto Open-Drain Pins                                             ; On                 ; On                 ;
; Perform WYSIWYG Primitive Resynthesis                            ; Off                ; Off                ;
; Auto ROM Replacement                                             ; On                 ; On                 ;
; Auto RAM Replacement                                             ; On                 ; On                 ;
; Auto DSP Block Replacement                                       ; On                 ; On                 ;
; Auto Shift Register Replacement                                  ; Auto               ; Auto               ;
; Allow Shift Register Merging across Hierarchies                  ; Auto               ; Auto               ;
; Auto Clock Enable Replacement                                    ; On                 ; On                 ;
; Strict RAM Replacement                                           ; Off                ; Off                ;
; Allow Synchronous Control Signals                                ; On                 ; On                 ;
; Force Use of Synchronous Clear Signals                           ; Off                ; Off                ;
; Auto RAM Block Balancing                                         ; On                 ; On                 ;
; Auto RAM to Logic Cell Conversion                                ; Off                ; Off                ;
; Auto Resource Sharing                                            ; Off                ; Off                ;
; Allow Any RAM Size For Recognition                               ; Off                ; Off                ;
; Allow Any ROM Size For Recognition                               ; Off                ; Off                ;
; Allow Any Shift Register Size For Recognition                    ; Off                ; Off                ;
; Use LogicLock Constraints during Resource Balancing              ; On                 ; On                 ;
; Ignore translate_off and synthesis_off directives                ; Off                ; Off                ;
; Timing-Driven Synthesis                                          ; On                 ; On                 ;
; Report Parameter Settings                                        ; On                 ; On                 ;
; Report Source Assignments                                        ; On                 ; On                 ;
; Report Connectivity Checks                                       ; On                 ; On                 ;
; Ignore Maximum Fan-Out Assignments                               ; Off                ; Off                ;
; Synchronization Register Chain Length                            ; 2                  ; 2                  ;
; Power Optimization During Synthesis                              ; Normal compilation ; Normal compilation ;
; HDL message level                                                ; Level2             ; Level2             ;
; Suppress Register Optimization Related Messages                  ; Off                ; Off                ;
; Number of Removed Registers Reported in Synthesis Report         ; 5000               ; 5000               ;
; Number of Swept Nodes Reported in Synthesis Report               ; 5000               ; 5000               ;
; Number of Inverted Registers Reported in Synthesis Report        ; 100                ; 100                ;
; Clock MUX Protection                                             ; On                 ; On                 ;
; Auto Gated Clock Conversion                                      ; Off                ; Off                ;
; Block Design Naming                                              ; Auto               ; Auto               ;
; SDC constraint protection                                        ; Off                ; Off                ;
; Synthesis Effort                                                 ; Auto               ; Auto               ;
; Shift Register Replacement - Allow Asynchronous Clear Signal     ; On                 ; On                 ;
; Pre-Mapping Resynthesis Optimization                             ; Off                ; Off                ;
; Analysis & Synthesis Message Level                               ; Medium             ; Medium             ;
; Disable Register Merging Across Hierarchies                      ; Auto               ; Auto               ;
; Resource Aware Inference For Block RAM                           ; On                 ; On                 ;
+------------------------------------------------------------------+--------------------+--------------------+


+------------------------------------------+
; Parallel Compilation                     ;
+----------------------------+-------------+
; Processors                 ; Number      ;
+----------------------------+-------------+
; Number detected on machine ; 2           ;
; Maximum allowed            ; 2           ;
;                            ;             ;
; Average used               ; 1.00        ;
; Maximum used               ; 2           ;
;                            ;             ;
; Usage by Processor         ; % Time Used ;
;     Processor 1            ; 100.0%      ;
;     Processor 2            ;   0.0%      ;
+----------------------------+-------------+


+----------------------------------------------------------------------------------------------------------------------------------------------------------------------------------+
; Analysis & Synthesis Source Files Read                                                                                                                                           ;
+----------------------------------+-----------------+------------------------------------+------------------------------------------------------------------------------+---------+
; File Name with User-Entered Path ; Used in Netlist ; File Type                          ; File Name with Absolute Path                                                 ; Library ;
+----------------------------------+-----------------+------------------------------------+------------------------------------------------------------------------------+---------+
; MIR_ROM_Init.mif                 ; yes             ; User Memory Initialization File    ; C:/Users/Ian Diaz/Desktop/E5/TP2/MIR_ROM_Init.mif                            ;         ;
; TP2_EV21.bdf                     ; yes             ; User Block Diagram/Schematic File  ; C:/Users/Ian Diaz/Desktop/E5/TP2/TP2_EV21.bdf                                ;         ;
; MIR_ROM.bdf                      ; yes             ; User Block Diagram/Schematic File  ; C:/Users/Ian Diaz/Desktop/E5/TP2/MIR_ROM.bdf                                 ;         ;
; Pattern_Table.v                  ; yes             ; User Verilog HDL File              ; C:/Users/Ian Diaz/Desktop/E5/TP2/Pattern_Table.v                             ;         ;
; pipeline.bdf                     ; yes             ; User Block Diagram/Schematic File  ; C:/Users/Ian Diaz/Desktop/E5/TP2/pipeline.bdf                                ;         ;
; microinstruction_1.v             ; yes             ; Auto-Found Verilog HDL File        ; C:/Users/Ian Diaz/Desktop/E5/TP2/microinstruction_1.v                        ;         ;
; uc2.v                            ; yes             ; Auto-Found Verilog HDL File        ; C:/Users/Ian Diaz/Desktop/E5/TP2/uc2.v                                       ;         ;
; uc1.v                            ; yes             ; Auto-Found Verilog HDL File        ; C:/Users/Ian Diaz/Desktop/E5/TP2/uc1.v                                       ;         ;
; microinstruction_2.v             ; yes             ; Auto-Found Verilog HDL File        ; C:/Users/Ian Diaz/Desktop/E5/TP2/microinstruction_2.v                        ;         ;
; microinstruction_3.v             ; yes             ; Auto-Found Verilog HDL File        ; C:/Users/Ian Diaz/Desktop/E5/TP2/microinstruction_3.v                        ;         ;
; lpm_rom.tdf                      ; yes             ; Megafunction                       ; c:/intelfpga_lite/20.1/quartus/libraries/megafunctions/lpm_rom.tdf           ;         ;
; altrom.inc                       ; yes             ; Megafunction                       ; c:/intelfpga_lite/20.1/quartus/libraries/megafunctions/altrom.inc            ;         ;
; aglobal201.inc                   ; yes             ; Megafunction                       ; c:/intelfpga_lite/20.1/quartus/libraries/megafunctions/aglobal201.inc        ;         ;
; altrom.tdf                       ; yes             ; Megafunction                       ; c:/intelfpga_lite/20.1/quartus/libraries/megafunctions/altrom.tdf            ;         ;
; memmodes.inc                     ; yes             ; Megafunction                       ; c:/intelfpga_lite/20.1/quartus/libraries/others/maxplus2/memmodes.inc        ;         ;
; lpm_decode.inc                   ; yes             ; Megafunction                       ; c:/intelfpga_lite/20.1/quartus/libraries/megafunctions/lpm_decode.inc        ;         ;
; lpm_mux.inc                      ; yes             ; Megafunction                       ; c:/intelfpga_lite/20.1/quartus/libraries/megafunctions/lpm_mux.inc           ;         ;
; altsyncram.inc                   ; yes             ; Megafunction                       ; c:/intelfpga_lite/20.1/quartus/libraries/megafunctions/altsyncram.inc        ;         ;
; altsyncram.tdf                   ; yes             ; Megafunction                       ; c:/intelfpga_lite/20.1/quartus/libraries/megafunctions/altsyncram.tdf        ;         ;
; stratix_ram_block.inc            ; yes             ; Megafunction                       ; c:/intelfpga_lite/20.1/quartus/libraries/megafunctions/stratix_ram_block.inc ;         ;
; a_rdenreg.inc                    ; yes             ; Megafunction                       ; c:/intelfpga_lite/20.1/quartus/libraries/megafunctions/a_rdenreg.inc         ;         ;
; altram.inc                       ; yes             ; Megafunction                       ; c:/intelfpga_lite/20.1/quartus/libraries/megafunctions/altram.inc            ;         ;
; altdpram.inc                     ; yes             ; Megafunction                       ; c:/intelfpga_lite/20.1/quartus/libraries/megafunctions/altdpram.inc          ;         ;
; db/altsyncram_cq01.tdf           ; yes             ; Auto-Generated Megafunction        ; C:/Users/Ian Diaz/Desktop/E5/TP2/db/altsyncram_cq01.tdf                      ;         ;
+----------------------------------+-----------------+------------------------------------+------------------------------------------------------------------------------+---------+


+---------------------------------------------------------+
; Analysis & Synthesis Resource Usage Summary             ;
+---------------------------------------------+-----------+
; Resource                                    ; Usage     ;
+---------------------------------------------+-----------+
; Estimated Total logic elements              ; 107       ;
;                                             ;           ;
; Total combinational functions               ; 37        ;
; Logic element usage by number of LUT inputs ;           ;
;     -- 4 input functions                    ; 36        ;
;     -- 3 input functions                    ; 1         ;
;     -- <=2 input functions                  ; 0         ;
;                                             ;           ;
; Logic elements by mode                      ;           ;
;     -- normal mode                          ; 37        ;
;     -- arithmetic mode                      ; 0         ;
;                                             ;           ;
; Total registers                             ; 91        ;
;     -- Dedicated logic registers            ; 91        ;
;     -- I/O registers                        ; 0         ;
;                                             ;           ;
; I/O pins                                    ; 79        ;
;                                             ;           ;
; Embedded Multiplier 9-bit elements          ; 0         ;
;                                             ;           ;
; Maximum fan-out node                        ; CLK~input ;
; Maximum fan-out                             ; 91        ;
; Total fan-out                               ; 442       ;
; Average fan-out                             ; 1.55      ;
+---------------------------------------------+-----------+


+-------------------------------------------------------------------------------------------------------------------------------------------------------------------------------------------------------------------------------------------------------------+
; Analysis & Synthesis Resource Utilization by Entity                                                                                                                                                                                                         ;
+----------------------------------+---------------------+---------------------------+-------------+--------------+---------+-----------+------+--------------+-----------------------------------------------------------+--------------------+--------------+
; Compilation Hierarchy Node       ; Combinational ALUTs ; Dedicated Logic Registers ; Memory Bits ; DSP Elements ; DSP 9x9 ; DSP 18x18 ; Pins ; Virtual Pins ; Full Hierarchy Name                                       ; Entity Name        ; Library Name ;
+----------------------------------+---------------------+---------------------------+-------------+--------------+---------+-----------+------+--------------+-----------------------------------------------------------+--------------------+--------------+
; |TP2_EV21                        ; 37 (0)              ; 91 (0)                    ; 0           ; 0            ; 0       ; 0         ; 79   ; 0            ; |TP2_EV21                                                 ; TP2_EV21           ; work         ;
;    |pipeline:TEST_PIPELINE|      ; 37 (0)              ; 91 (0)                    ; 0           ; 0            ; 0       ; 0         ; 0    ; 0            ; |TP2_EV21|pipeline:TEST_PIPELINE                          ; pipeline           ; work         ;
;       |Microinstruction_1:inst2| ; 0 (0)               ; 38 (38)                   ; 0           ; 0            ; 0       ; 0         ; 0    ; 0            ; |TP2_EV21|pipeline:TEST_PIPELINE|Microinstruction_1:inst2 ; Microinstruction_1 ; work         ;
;       |Microinstruction_2:inst3| ; 0 (0)               ; 19 (19)                   ; 0           ; 0            ; 0       ; 0         ; 0    ; 0            ; |TP2_EV21|pipeline:TEST_PIPELINE|Microinstruction_2:inst3 ; Microinstruction_2 ; work         ;
;       |Microinstruction_3:inst4| ; 0 (0)               ; 13 (13)                   ; 0           ; 0            ; 0       ; 0         ; 0    ; 0            ; |TP2_EV21|pipeline:TEST_PIPELINE|Microinstruction_3:inst4 ; Microinstruction_3 ; work         ;
;       |UC1:inst6|                ; 21 (21)             ; 21 (21)                   ; 0           ; 0            ; 0       ; 0         ; 0    ; 0            ; |TP2_EV21|pipeline:TEST_PIPELINE|UC1:inst6                ; UC1                ; work         ;
;       |UC2:inst|                 ; 16 (16)             ; 0 (0)                     ; 0           ; 0            ; 0       ; 0         ; 0    ; 0            ; |TP2_EV21|pipeline:TEST_PIPELINE|UC2:inst                 ; UC2                ; work         ;
+----------------------------------+---------------------+---------------------------+-------------+--------------+---------+-----------+------+--------------+-----------------------------------------------------------+--------------------+--------------+
Note: For table entries with two numbers listed, the numbers in parentheses indicate the number of resources of the given type used by the specific entity alone. The numbers listed outside of parentheses indicate the total resources of the given type used by the specific entity and all of its sub-entities in the hierarchy.


+------------------------------------------------------+
; General Register Statistics                          ;
+----------------------------------------------+-------+
; Statistic                                    ; Value ;
+----------------------------------------------+-------+
; Total registers                              ; 91    ;
; Number of registers using Synchronous Clear  ; 0     ;
; Number of registers using Synchronous Load   ; 0     ;
; Number of registers using Asynchronous Clear ; 0     ;
; Number of registers using Asynchronous Load  ; 0     ;
; Number of registers using Clock Enable       ; 0     ;
; Number of registers using Preset             ; 0     ;
+----------------------------------------------+-------+


+---------------------------------------------------------------------------------------------------------------------+
; Source assignments for MIR_ROM:inst|LPM_ROM:MIR_ROM|altrom:srom|altsyncram:rom_block|altsyncram_cq01:auto_generated ;
+---------------------------------+--------------------+------+-------------------------------------------------------+
; Assignment                      ; Value              ; From ; To                                                    ;
+---------------------------------+--------------------+------+-------------------------------------------------------+
; OPTIMIZE_POWER_DURING_SYNTHESIS ; NORMAL_COMPILATION ; -    ; -                                                     ;
+---------------------------------+--------------------+------+-------------------------------------------------------+


+------------------------------------------------------------------------------+
; Parameter Settings for User Entity Instance: pipeline:TEST_PIPELINE|UC2:inst ;
+----------------+-------+-----------------------------------------------------+
; Parameter Name ; Value ; Type                                                ;
+----------------+-------+-----------------------------------------------------+
; WR_read        ; 0     ; Signed Integer                                      ;
; WR_write       ; 1     ; Signed Integer                                      ;
; R_read         ; 2     ; Signed Integer                                      ;
; R_write        ; 3     ; Signed Integer                                      ;
; C_read         ; 4     ; Signed Integer                                      ;
; C_write        ; 5     ; Signed Integer                                      ;
+----------------+-------+-----------------------------------------------------+
Note: In order to hide this table in the UI and the text report file, please set the "Show Parameter Settings in Synthesis Report" option in "Analysis and Synthesis Settings -> More Settings" to "Off".


+-------------------------------------------------------------------------------+
; Parameter Settings for User Entity Instance: pipeline:TEST_PIPELINE|UC1:inst6 ;
+----------------+--------+-----------------------------------------------------+
; Parameter Name ; Value  ; Type                                                ;
+----------------+--------+-----------------------------------------------------+
; T_out          ; 0      ; Signed Integer                                      ;
; M_out          ; 0      ; Signed Integer                                      ;
; C_out          ; 100011 ; Unsigned Binary                                     ;
; ALU_o          ; 1111   ; Unsigned Binary                                     ;
+----------------+--------+-----------------------------------------------------+
Note: In order to hide this table in the UI and the text report file, please set the "Show Parameter Settings in Synthesis Report" option in "Analysis and Synthesis Settings -> More Settings" to "Off".


+---------------------------------------------------------------------------+
; Parameter Settings for User Entity Instance: MIR_ROM:inst|LPM_ROM:MIR_ROM ;
+------------------------+------------------+-------------------------------+
; Parameter Name         ; Value            ; Type                          ;
+------------------------+------------------+-------------------------------+
; LPM_WIDTH              ; 33               ; Untyped                       ;
; LPM_WIDTHAD            ; 7                ; Untyped                       ;
; LPM_NUMWORDS           ; 128              ; Untyped                       ;
; LPM_ADDRESS_CONTROL    ; REGISTERED       ; Untyped                       ;
; LPM_OUTDATA            ; REGISTERED       ; Untyped                       ;
; LPM_FILE               ; MIR_ROM_Init.mif ; Untyped                       ;
; DEVICE_FAMILY          ; Cyclone IV E     ; Untyped                       ;
; AUTO_CARRY_CHAINS      ; ON               ; AUTO_CARRY                    ;
; IGNORE_CARRY_BUFFERS   ; OFF              ; IGNORE_CARRY                  ;
; AUTO_CASCADE_CHAINS    ; ON               ; AUTO_CASCADE                  ;
; IGNORE_CASCADE_BUFFERS ; OFF              ; IGNORE_CASCADE                ;
+------------------------+------------------+-------------------------------+
Note: In order to hide this table in the UI and the text report file, please set the "Show Parameter Settings in Synthesis Report" option in "Analysis and Synthesis Settings -> More Settings" to "Off".


+-----------------------------------------------------+
; Post-Synthesis Netlist Statistics for Top Partition ;
+-----------------------+-----------------------------+
; Type                  ; Count                       ;
+-----------------------+-----------------------------+
; boundary_port         ; 79                          ;
; cycloneiii_ff         ; 91                          ;
;     plain             ; 91                          ;
; cycloneiii_lcell_comb ; 37                          ;
;     normal            ; 37                          ;
;         3 data inputs ; 1                           ;
;         4 data inputs ; 36                          ;
;                       ;                             ;
; Max LUT depth         ; 3.00                        ;
; Average LUT depth     ; 1.38                        ;
+-----------------------+-----------------------------+


+-------------------------------+
; Elapsed Time Per Partition    ;
+----------------+--------------+
; Partition Name ; Elapsed Time ;
+----------------+--------------+
; Top            ; 00:00:01     ;
+----------------+--------------+


+-------------------------------+
; Analysis & Synthesis Messages ;
+-------------------------------+
Info: *******************************************************************
Info: Running Quartus Prime Analysis & Synthesis
    Info: Version 20.1.1 Build 720 11/11/2020 SJ Lite Edition
    Info: Processing started: Sun May 30 19:50:11 2021
Info: Command: quartus_map --read_settings_files=on --write_settings_files=off TP2_EV21 -c TP2_EV21
Warning (18236): Number of processors has not been specified which may cause overloading on shared machines.  Set the global assignment NUM_PARALLEL_PROCESSORS in your QSF to an appropriate value for best performance.
Info (20030): Parallel compilation is enabled and will use 2 of the 2 processors detected
Info (12021): Found 1 design units, including 1 entities, in source file tp2_ev21.bdf
    Info (12023): Found entity 1: TP2_EV21
Info (12021): Found 1 design units, including 1 entities, in source file mir_rom.bdf
    Info (12023): Found entity 1: MIR_ROM
Info (12021): Found 1 design units, including 1 entities, in source file pattern_cell.bdf
    Info (12023): Found entity 1: Pattern_Cell
Info (12021): Found 1 design units, including 1 entities, in source file pattern_table.v
    Info (12023): Found entity 1: pattern_table File: C:/Users/Ian Diaz/Desktop/E5/TP2/Pattern_Table.v Line: 1
Info (12021): Found 1 design units, including 1 entities, in source file pipeline.bdf
    Info (12023): Found entity 1: pipeline
Info (12127): Elaborating entity "TP2_EV21" for the top level hierarchy
Warning (275013): Port "clk" of type MIR_ROM and instance "inst" is missing source signal
Info (12128): Elaborating entity "pipeline" for hierarchy "pipeline:TEST_PIPELINE"
Warning (12125): Using design file microinstruction_1.v, which is not specified as a design file for the current project, but contains definitions for 1 design units and 1 entities in project
    Info (12023): Found entity 1: Microinstruction_1 File: C:/Users/Ian Diaz/Desktop/E5/TP2/microinstruction_1.v Line: 7
Info (12128): Elaborating entity "Microinstruction_1" for hierarchy "pipeline:TEST_PIPELINE|Microinstruction_1:inst2"
Warning (12125): Using design file uc2.v, which is not specified as a design file for the current project, but contains definitions for 1 design units and 1 entities in project
    Info (12023): Found entity 1: UC2 File: C:/Users/Ian Diaz/Desktop/E5/TP2/uc2.v Line: 21
Info (12128): Elaborating entity "UC2" for hierarchy "pipeline:TEST_PIPELINE|UC2:inst"
Warning (12125): Using design file uc1.v, which is not specified as a design file for the current project, but contains definitions for 1 design units and 1 entities in project
    Info (12023): Found entity 1: UC1 File: C:/Users/Ian Diaz/Desktop/E5/TP2/uc1.v Line: 1
Info (12128): Elaborating entity "UC1" for hierarchy "pipeline:TEST_PIPELINE|UC1:inst6"
Warning (10230): Verilog HDL assignment warning at uc1.v(29): truncated value with size 32 to match size of target (7) File: C:/Users/Ian Diaz/Desktop/E5/TP2/uc1.v Line: 29
Warning (10230): Verilog HDL assignment warning at uc1.v(30): truncated value with size 32 to match size of target (2) File: C:/Users/Ian Diaz/Desktop/E5/TP2/uc1.v Line: 30
Warning (12125): Using design file microinstruction_2.v, which is not specified as a design file for the current project, but contains definitions for 1 design units and 1 entities in project
    Info (12023): Found entity 1: Microinstruction_2 File: C:/Users/Ian Diaz/Desktop/E5/TP2/microinstruction_2.v Line: 7
Info (12128): Elaborating entity "Microinstruction_2" for hierarchy "pipeline:TEST_PIPELINE|Microinstruction_2:inst3"
Warning (12125): Using design file microinstruction_3.v, which is not specified as a design file for the current project, but contains definitions for 1 design units and 1 entities in project
    Info (12023): Found entity 1: Microinstruction_3 File: C:/Users/Ian Diaz/Desktop/E5/TP2/microinstruction_3.v Line: 7
Info (12128): Elaborating entity "Microinstruction_3" for hierarchy "pipeline:TEST_PIPELINE|Microinstruction_3:inst4"
Info (12128): Elaborating entity "MIR_ROM" for hierarchy "MIR_ROM:inst"
Warning (275006): Can't find a definition for parameter LPM_FILE -- assuming MIR_ROM_Init.mif was intended to be a quoted string
Info (12128): Elaborating entity "LPM_ROM" for hierarchy "MIR_ROM:inst|LPM_ROM:MIR_ROM"
Info (12130): Elaborated megafunction instantiation "MIR_ROM:inst|LPM_ROM:MIR_ROM"
Info (12133): Instantiated megafunction "MIR_ROM:inst|LPM_ROM:MIR_ROM" with the following parameter:
    Info (12134): Parameter "LPM_FILE" = "MIR_ROM_Init.mif"
    Info (12134): Parameter "LPM_NUMWORDS" = "128"
    Info (12134): Parameter "LPM_WIDTH" = "33"
    Info (12134): Parameter "LPM_WIDTHAD" = "7"
Info (12128): Elaborating entity "altrom" for hierarchy "MIR_ROM:inst|LPM_ROM:MIR_ROM|altrom:srom" File: c:/intelfpga_lite/20.1/quartus/libraries/megafunctions/lpm_rom.tdf Line: 55
Info (12131): Elaborated megafunction instantiation "MIR_ROM:inst|LPM_ROM:MIR_ROM|altrom:srom", which is child of megafunction instantiation "MIR_ROM:inst|LPM_ROM:MIR_ROM" File: c:/intelfpga_lite/20.1/quartus/libraries/megafunctions/lpm_rom.tdf Line: 55
Info (12128): Elaborating entity "altsyncram" for hierarchy "MIR_ROM:inst|LPM_ROM:MIR_ROM|altrom:srom|altsyncram:rom_block" File: c:/intelfpga_lite/20.1/quartus/libraries/megafunctions/altrom.tdf Line: 89
Info (12131): Elaborated megafunction instantiation "MIR_ROM:inst|LPM_ROM:MIR_ROM|altrom:srom|altsyncram:rom_block", which is child of megafunction instantiation "MIR_ROM:inst|LPM_ROM:MIR_ROM" File: c:/intelfpga_lite/20.1/quartus/libraries/megafunctions/altrom.tdf Line: 89
Info (12021): Found 1 design units, including 1 entities, in source file db/altsyncram_cq01.tdf
    Info (12023): Found entity 1: altsyncram_cq01 File: C:/Users/Ian Diaz/Desktop/E5/TP2/db/altsyncram_cq01.tdf Line: 28
Info (12128): Elaborating entity "altsyncram_cq01" for hierarchy "MIR_ROM:inst|LPM_ROM:MIR_ROM|altrom:srom|altsyncram:rom_block|altsyncram_cq01:auto_generated" File: c:/intelfpga_lite/20.1/quartus/libraries/megafunctions/altsyncram.tdf Line: 792
Info (12128): Elaborating entity "pattern_table" for hierarchy "pattern_table:inst2"
Warning (10034): Output port "out" at Pattern_Table.v(5) has no driver File: C:/Users/Ian Diaz/Desktop/E5/TP2/Pattern_Table.v Line: 5
Warning (12158): Entity "pattern_table" contains only dangling pins
Warning (14284): Synthesized away the following node(s):
    Warning (14285): Synthesized away the following RAM node(s):
        Warning (14320): Synthesized away node "MIR_ROM:inst|lpm_rom:MIR_ROM|altrom:srom|altsyncram:rom_block|altsyncram_cq01:auto_generated|q_a[0]" File: C:/Users/Ian Diaz/Desktop/E5/TP2/db/altsyncram_cq01.tdf Line: 36
        Warning (14320): Synthesized away node "MIR_ROM:inst|lpm_rom:MIR_ROM|altrom:srom|altsyncram:rom_block|altsyncram_cq01:auto_generated|q_a[1]" File: C:/Users/Ian Diaz/Desktop/E5/TP2/db/altsyncram_cq01.tdf Line: 58
        Warning (14320): Synthesized away node "MIR_ROM:inst|lpm_rom:MIR_ROM|altrom:srom|altsyncram:rom_block|altsyncram_cq01:auto_generated|q_a[2]" File: C:/Users/Ian Diaz/Desktop/E5/TP2/db/altsyncram_cq01.tdf Line: 80
        Warning (14320): Synthesized away node "MIR_ROM:inst|lpm_rom:MIR_ROM|altrom:srom|altsyncram:rom_block|altsyncram_cq01:auto_generated|q_a[3]" File: C:/Users/Ian Diaz/Desktop/E5/TP2/db/altsyncram_cq01.tdf Line: 102
        Warning (14320): Synthesized away node "MIR_ROM:inst|lpm_rom:MIR_ROM|altrom:srom|altsyncram:rom_block|altsyncram_cq01:auto_generated|q_a[4]" File: C:/Users/Ian Diaz/Desktop/E5/TP2/db/altsyncram_cq01.tdf Line: 124
        Warning (14320): Synthesized away node "MIR_ROM:inst|lpm_rom:MIR_ROM|altrom:srom|altsyncram:rom_block|altsyncram_cq01:auto_generated|q_a[5]" File: C:/Users/Ian Diaz/Desktop/E5/TP2/db/altsyncram_cq01.tdf Line: 146
        Warning (14320): Synthesized away node "MIR_ROM:inst|lpm_rom:MIR_ROM|altrom:srom|altsyncram:rom_block|altsyncram_cq01:auto_generated|q_a[6]" File: C:/Users/Ian Diaz/Desktop/E5/TP2/db/altsyncram_cq01.tdf Line: 168
        Warning (14320): Synthesized away node "MIR_ROM:inst|lpm_rom:MIR_ROM|altrom:srom|altsyncram:rom_block|altsyncram_cq01:auto_generated|q_a[7]" File: C:/Users/Ian Diaz/Desktop/E5/TP2/db/altsyncram_cq01.tdf Line: 190
        Warning (14320): Synthesized away node "MIR_ROM:inst|lpm_rom:MIR_ROM|altrom:srom|altsyncram:rom_block|altsyncram_cq01:auto_generated|q_a[8]" File: C:/Users/Ian Diaz/Desktop/E5/TP2/db/altsyncram_cq01.tdf Line: 212
        Warning (14320): Synthesized away node "MIR_ROM:inst|lpm_rom:MIR_ROM|altrom:srom|altsyncram:rom_block|altsyncram_cq01:auto_generated|q_a[9]" File: C:/Users/Ian Diaz/Desktop/E5/TP2/db/altsyncram_cq01.tdf Line: 234
        Warning (14320): Synthesized away node "MIR_ROM:inst|lpm_rom:MIR_ROM|altrom:srom|altsyncram:rom_block|altsyncram_cq01:auto_generated|q_a[10]" File: C:/Users/Ian Diaz/Desktop/E5/TP2/db/altsyncram_cq01.tdf Line: 256
        Warning (14320): Synthesized away node "MIR_ROM:inst|lpm_rom:MIR_ROM|altrom:srom|altsyncram:rom_block|altsyncram_cq01:auto_generated|q_a[11]" File: C:/Users/Ian Diaz/Desktop/E5/TP2/db/altsyncram_cq01.tdf Line: 278
        Warning (14320): Synthesized away node "MIR_ROM:inst|lpm_rom:MIR_ROM|altrom:srom|altsyncram:rom_block|altsyncram_cq01:auto_generated|q_a[12]" File: C:/Users/Ian Diaz/Desktop/E5/TP2/db/altsyncram_cq01.tdf Line: 300
        Warning (14320): Synthesized away node "MIR_ROM:inst|lpm_rom:MIR_ROM|altrom:srom|altsyncram:rom_block|altsyncram_cq01:auto_generated|q_a[13]" File: C:/Users/Ian Diaz/Desktop/E5/TP2/db/altsyncram_cq01.tdf Line: 322
        Warning (14320): Synthesized away node "MIR_ROM:inst|lpm_rom:MIR_ROM|altrom:srom|altsyncram:rom_block|altsyncram_cq01:auto_generated|q_a[14]" File: C:/Users/Ian Diaz/Desktop/E5/TP2/db/altsyncram_cq01.tdf Line: 344
        Warning (14320): Synthesized away node "MIR_ROM:inst|lpm_rom:MIR_ROM|altrom:srom|altsyncram:rom_block|altsyncram_cq01:auto_generated|q_a[15]" File: C:/Users/Ian Diaz/Desktop/E5/TP2/db/altsyncram_cq01.tdf Line: 366
        Warning (14320): Synthesized away node "MIR_ROM:inst|lpm_rom:MIR_ROM|altrom:srom|altsyncram:rom_block|altsyncram_cq01:auto_generated|q_a[16]" File: C:/Users/Ian Diaz/Desktop/E5/TP2/db/altsyncram_cq01.tdf Line: 388
        Warning (14320): Synthesized away node "MIR_ROM:inst|lpm_rom:MIR_ROM|altrom:srom|altsyncram:rom_block|altsyncram_cq01:auto_generated|q_a[17]" File: C:/Users/Ian Diaz/Desktop/E5/TP2/db/altsyncram_cq01.tdf Line: 410
        Warning (14320): Synthesized away node "MIR_ROM:inst|lpm_rom:MIR_ROM|altrom:srom|altsyncram:rom_block|altsyncram_cq01:auto_generated|q_a[18]" File: C:/Users/Ian Diaz/Desktop/E5/TP2/db/altsyncram_cq01.tdf Line: 432
        Warning (14320): Synthesized away node "MIR_ROM:inst|lpm_rom:MIR_ROM|altrom:srom|altsyncram:rom_block|altsyncram_cq01:auto_generated|q_a[19]" File: C:/Users/Ian Diaz/Desktop/E5/TP2/db/altsyncram_cq01.tdf Line: 454
        Warning (14320): Synthesized away node "MIR_ROM:inst|lpm_rom:MIR_ROM|altrom:srom|altsyncram:rom_block|altsyncram_cq01:auto_generated|q_a[20]" File: C:/Users/Ian Diaz/Desktop/E5/TP2/db/altsyncram_cq01.tdf Line: 476
        Warning (14320): Synthesized away node "MIR_ROM:inst|lpm_rom:MIR_ROM|altrom:srom|altsyncram:rom_block|altsyncram_cq01:auto_generated|q_a[21]" File: C:/Users/Ian Diaz/Desktop/E5/TP2/db/altsyncram_cq01.tdf Line: 498
        Warning (14320): Synthesized away node "MIR_ROM:inst|lpm_rom:MIR_ROM|altrom:srom|altsyncram:rom_block|altsyncram_cq01:auto_generated|q_a[22]" File: C:/Users/Ian Diaz/Desktop/E5/TP2/db/altsyncram_cq01.tdf Line: 520
        Warning (14320): Synthesized away node "MIR_ROM:inst|lpm_rom:MIR_ROM|altrom:srom|altsyncram:rom_block|altsyncram_cq01:auto_generated|q_a[23]" File: C:/Users/Ian Diaz/Desktop/E5/TP2/db/altsyncram_cq01.tdf Line: 542
        Warning (14320): Synthesized away node "MIR_ROM:inst|lpm_rom:MIR_ROM|altrom:srom|altsyncram:rom_block|altsyncram_cq01:auto_generated|q_a[24]" File: C:/Users/Ian Diaz/Desktop/E5/TP2/db/altsyncram_cq01.tdf Line: 564
        Warning (14320): Synthesized away node "MIR_ROM:inst|lpm_rom:MIR_ROM|altrom:srom|altsyncram:rom_block|altsyncram_cq01:auto_generated|q_a[25]" File: C:/Users/Ian Diaz/Desktop/E5/TP2/db/altsyncram_cq01.tdf Line: 586
        Warning (14320): Synthesized away node "MIR_ROM:inst|lpm_rom:MIR_ROM|altrom:srom|altsyncram:rom_block|altsyncram_cq01:auto_generated|q_a[26]" File: C:/Users/Ian Diaz/Desktop/E5/TP2/db/altsyncram_cq01.tdf Line: 608
        Warning (14320): Synthesized away node "MIR_ROM:inst|lpm_rom:MIR_ROM|altrom:srom|altsyncram:rom_block|altsyncram_cq01:auto_generated|q_a[27]" File: C:/Users/Ian Diaz/Desktop/E5/TP2/db/altsyncram_cq01.tdf Line: 630
        Warning (14320): Synthesized away node "MIR_ROM:inst|lpm_rom:MIR_ROM|altrom:srom|altsyncram:rom_block|altsyncram_cq01:auto_generated|q_a[28]" File: C:/Users/Ian Diaz/Desktop/E5/TP2/db/altsyncram_cq01.tdf Line: 652
        Warning (14320): Synthesized away node "MIR_ROM:inst|lpm_rom:MIR_ROM|altrom:srom|altsyncram:rom_block|altsyncram_cq01:auto_generated|q_a[29]" File: C:/Users/Ian Diaz/Desktop/E5/TP2/db/altsyncram_cq01.tdf Line: 674
        Warning (14320): Synthesized away node "MIR_ROM:inst|lpm_rom:MIR_ROM|altrom:srom|altsyncram:rom_block|altsyncram_cq01:auto_generated|q_a[30]" File: C:/Users/Ian Diaz/Desktop/E5/TP2/db/altsyncram_cq01.tdf Line: 696
        Warning (14320): Synthesized away node "MIR_ROM:inst|lpm_rom:MIR_ROM|altrom:srom|altsyncram:rom_block|altsyncram_cq01:auto_generated|q_a[31]" File: C:/Users/Ian Diaz/Desktop/E5/TP2/db/altsyncram_cq01.tdf Line: 718
        Warning (14320): Synthesized away node "MIR_ROM:inst|lpm_rom:MIR_ROM|altrom:srom|altsyncram:rom_block|altsyncram_cq01:auto_generated|q_a[32]" File: C:/Users/Ian Diaz/Desktop/E5/TP2/db/altsyncram_cq01.tdf Line: 740
Info (286030): Timing-Driven Synthesis is running
Info (16010): Generating hard_block partition "hard_block:auto_generated_inst"
    Info (16011): Adding 0 node(s), including 0 DDIO, 0 PLL, 0 transceiver and 0 LCELL
Warning (21074): Design contains 6 input pin(s) that do not drive logic
    Warning (15610): No output dependent on input pin "UIROM[23]"
    Warning (15610): No output dependent on input pin "UIROM[22]"
    Warning (15610): No output dependent on input pin "UIROM[21]"
    Warning (15610): No output dependent on input pin "UIROM[20]"
    Warning (15610): No output dependent on input pin "UIROM[19]"
    Warning (15610): No output dependent on input pin "UIROM[18]"
Info (21057): Implemented 186 device resources after synthesis - the final resource count might be different
    Info (21058): Implemented 45 input pins
    Info (21059): Implemented 34 output pins
    Info (21061): Implemented 107 logic cells
Info: Quartus Prime Analysis & Synthesis was successful. 0 errors, 54 warnings
    Info: Peak virtual memory: 4754 megabytes
    Info: Processing ended: Sun May 30 19:50:42 2021
    Info: Elapsed time: 00:00:31
    Info: Total CPU time (on all processors): 00:00:35


